Epoch 1/10
----------
train Loss: 2.5063 Acc: 0.1891 TopK-Acc: 0.5553
valid Loss: 2.2975 Acc: 0.2913 TopK-Acc: 0.6533

Epoch 2/10
----------
train Loss: 2.2386 Acc: 0.2852 TopK-Acc: 0.6898
valid Loss: 2.1075 Acc: 0.3320 TopK-Acc: 0.7380

Epoch 3/10
----------
train Loss: 2.0561 Acc: 0.3383 TopK-Acc: 0.7586
valid Loss: 1.9930 Acc: 0.3480 TopK-Acc: 0.7687

Epoch 4/10
----------
train Loss: 1.9160 Acc: 0.3885 TopK-Acc: 0.7999
valid Loss: 1.8729 Acc: 0.3893 TopK-Acc: 0.8067

Epoch 5/10
----------
train Loss: 1.7871 Acc: 0.4281 TopK-Acc: 0.8410
valid Loss: 1.8293 Acc: 0.4100 TopK-Acc: 0.8207

Epoch 6/10
----------
train Loss: 1.6830 Acc: 0.4673 TopK-Acc: 0.8544
valid Loss: 1.6709 Acc: 0.4653 TopK-Acc: 0.8627

Epoch 7/10
----------
train Loss: 1.5732 Acc: 0.4961 TopK-Acc: 0.8805
valid Loss: 1.6173 Acc: 0.4773 TopK-Acc: 0.8780

Epoch 8/10
----------
train Loss: 1.4731 Acc: 0.5225 TopK-Acc: 0.8943
valid Loss: 1.5437 Acc: 0.5147 TopK-Acc: 0.8893

Epoch 9/10
----------
train Loss: 1.4079 Acc: 0.5438 TopK-Acc: 0.9069
valid Loss: 1.5004 Acc: 0.5400 TopK-Acc: 0.8913

Epoch 10/10
----------
train Loss: 1.3406 Acc: 0.5622 TopK-Acc: 0.9206
valid Loss: 1.4517 Acc: 0.5420 TopK-Acc: 0.9007

Epoch 11/20
----------
train Loss: 1.2851 Acc: 0.5857 TopK-Acc: 0.9235
valid Loss: 1.4771 Acc: 0.5387 TopK-Acc: 0.8947

Epoch 12/20
----------
train Loss: 1.2444 Acc: 0.5999 TopK-Acc: 0.9305
valid Loss: 1.4209 Acc: 0.5400 TopK-Acc: 0.9040

Epoch 13/20
----------
train Loss: 1.1868 Acc: 0.6126 TopK-Acc: 0.9335
valid Loss: 1.4124 Acc: 0.5433 TopK-Acc: 0.9140

Epoch 14/20
----------
train Loss: 1.1422 Acc: 0.6232 TopK-Acc: 0.9451
valid Loss: 1.3936 Acc: 0.5460 TopK-Acc: 0.9120

Epoch 15/20
----------
train Loss: 1.1092 Acc: 0.6400 TopK-Acc: 0.9516
valid Loss: 1.4514 Acc: 0.5333 TopK-Acc: 0.9093

Epoch 16/20
----------
train Loss: 1.0523 Acc: 0.6576 TopK-Acc: 0.9530
valid Loss: 1.3793 Acc: 0.5653 TopK-Acc: 0.9120

Epoch 17/20
----------
train Loss: 1.0326 Acc: 0.6646 TopK-Acc: 0.9560
valid Loss: 1.4167 Acc: 0.5460 TopK-Acc: 0.9080

Epoch 18/20
----------
train Loss: 0.9947 Acc: 0.6722 TopK-Acc: 0.9623
valid Loss: 1.4085 Acc: 0.5620 TopK-Acc: 0.9153

Epoch 19/20
----------
train Loss: 0.9492 Acc: 0.6855 TopK-Acc: 0.9658
valid Loss: 1.4318 Acc: 0.5700 TopK-Acc: 0.9107

Epoch 20/20
----------
train Loss: 0.9044 Acc: 0.6993 TopK-Acc: 0.9691
valid Loss: 1.4323 Acc: 0.5720 TopK-Acc: 0.9140

Epoch 21/30
----------
train Loss: 0.8742 Acc: 0.7120 TopK-Acc: 0.9729
valid Loss: 1.4521 Acc: 0.5560 TopK-Acc: 0.9153

Epoch 22/30
----------
train Loss: 0.8440 Acc: 0.7229 TopK-Acc: 0.9729
valid Loss: 1.4030 Acc: 0.5727 TopK-Acc: 0.9127

Epoch 23/30
----------
train Loss: 0.8289 Acc: 0.7325 TopK-Acc: 0.9745
valid Loss: 1.4135 Acc: 0.5660 TopK-Acc: 0.9187

Epoch 24/30
----------
train Loss: 0.7878 Acc: 0.7331 TopK-Acc: 0.9799
valid Loss: 1.4004 Acc: 0.5593 TopK-Acc: 0.9187

Epoch 25/30
----------
train Loss: 0.7571 Acc: 0.7564 TopK-Acc: 0.9802
valid Loss: 1.5168 Acc: 0.5427 TopK-Acc: 0.9207

Epoch 26/30
----------
train Loss: 0.7230 Acc: 0.7570 TopK-Acc: 0.9847
valid Loss: 1.4980 Acc: 0.5540 TopK-Acc: 0.9093

Epoch 27/30
----------
train Loss: 0.6957 Acc: 0.7751 TopK-Acc: 0.9851
valid Loss: 1.3811 Acc: 0.5700 TopK-Acc: 0.9280

Epoch 28/30
----------
train Loss: 0.6626 Acc: 0.7855 TopK-Acc: 0.9868
valid Loss: 1.3639 Acc: 0.5760 TopK-Acc: 0.9267

Epoch 29/30
----------
train Loss: 0.6391 Acc: 0.7875 TopK-Acc: 0.9893
valid Loss: 1.4301 Acc: 0.5727 TopK-Acc: 0.9220

Epoch 30/30
----------
train Loss: 0.6116 Acc: 0.7999 TopK-Acc: 0.9885
valid Loss: 1.4009 Acc: 0.5780 TopK-Acc: 0.9280

Epoch 31/40
----------
train Loss: 0.5693 Acc: 0.8156 TopK-Acc: 0.9904
valid Loss: 1.4726 Acc: 0.5620 TopK-Acc: 0.9207

Epoch 32/40
----------
train Loss: 0.5668 Acc: 0.8156 TopK-Acc: 0.9921
valid Loss: 1.4121 Acc: 0.5753 TopK-Acc: 0.9287

Epoch 33/40
----------
train Loss: 0.5247 Acc: 0.8249 TopK-Acc: 0.9933
valid Loss: 1.5100 Acc: 0.5613 TopK-Acc: 0.9167

Epoch 34/40
----------
train Loss: 0.5095 Acc: 0.8368 TopK-Acc: 0.9913
valid Loss: 1.4601 Acc: 0.5760 TopK-Acc: 0.9267

Epoch 35/40
----------
train Loss: 0.4914 Acc: 0.8387 TopK-Acc: 0.9947
valid Loss: 1.4745 Acc: 0.5700 TopK-Acc: 0.9247

Epoch 36/40
----------
train Loss: 0.4581 Acc: 0.8473 TopK-Acc: 0.9957
valid Loss: 1.5322 Acc: 0.5740 TopK-Acc: 0.9173

Epoch 37/40
----------
train Loss: 0.4337 Acc: 0.8612 TopK-Acc: 0.9951
valid Loss: 1.4914 Acc: 0.5780 TopK-Acc: 0.9233

Epoch 38/40
----------
train Loss: 0.4228 Acc: 0.8646 TopK-Acc: 0.9964
valid Loss: 1.4469 Acc: 0.5813 TopK-Acc: 0.9273

Epoch 39/40
----------
train Loss: 0.4019 Acc: 0.8689 TopK-Acc: 0.9963
valid Loss: 1.5008 Acc: 0.5727 TopK-Acc: 0.9300

Epoch 40/40
----------
train Loss: 0.3824 Acc: 0.8784 TopK-Acc: 0.9964
valid Loss: 1.5146 Acc: 0.5733 TopK-Acc: 0.9207

Epoch 41/50
----------
train Loss: 0.3698 Acc: 0.8792 TopK-Acc: 0.9963
valid Loss: 1.4827 Acc: 0.5907 TopK-Acc: 0.9293

Epoch 42/50
----------
train Loss: 0.3553 Acc: 0.8860 TopK-Acc: 0.9977
valid Loss: 1.4847 Acc: 0.5727 TopK-Acc: 0.9307

Epoch 43/50
----------
train Loss: 0.3398 Acc: 0.8950 TopK-Acc: 0.9980
valid Loss: 1.5191 Acc: 0.5853 TopK-Acc: 0.9227

Epoch 44/50
----------
train Loss: 0.3188 Acc: 0.9021 TopK-Acc: 0.9980
valid Loss: 1.5575 Acc: 0.5827 TopK-Acc: 0.9253

Epoch 45/50
----------
train Loss: 0.3008 Acc: 0.9047 TopK-Acc: 0.9987
valid Loss: 1.5407 Acc: 0.5867 TopK-Acc: 0.9233

Epoch 46/50
----------
train Loss: 0.2939 Acc: 0.9093 TopK-Acc: 0.9990
valid Loss: 1.5682 Acc: 0.5793 TopK-Acc: 0.9227

Epoch 47/50
----------
train Loss: 0.2770 Acc: 0.9119 TopK-Acc: 0.9987
valid Loss: 1.5365 Acc: 0.5807 TopK-Acc: 0.9280

Epoch 48/50
----------
train Loss: 0.2730 Acc: 0.9166 TopK-Acc: 0.9983
valid Loss: 1.5875 Acc: 0.5767 TopK-Acc: 0.9253

Epoch 49/50
----------
train Loss: 0.2634 Acc: 0.9186 TopK-Acc: 0.9987
valid Loss: 1.5455 Acc: 0.5847 TopK-Acc: 0.9320

Epoch 50/50
----------
train Loss: 0.2428 Acc: 0.9254 TopK-Acc: 0.9993
valid Loss: 1.6349 Acc: 0.5800 TopK-Acc: 0.9207

Best val Acc: 0.590667
Best val TopK-Acc: 0.932000

