Epoch 1/10
----------
train Loss: 2.6842 Acc: 0.0948 TopK-Acc: 0.4296
valid Loss: 2.7270 Acc: 0.0667 TopK-Acc: 0.3827

Epoch 2/10
----------
train Loss: 2.6230 Acc: 0.1213 TopK-Acc: 0.4790
valid Loss: 2.6219 Acc: 0.1260 TopK-Acc: 0.4673

Epoch 3/10
----------
train Loss: 2.4227 Acc: 0.2036 TopK-Acc: 0.6325
valid Loss: 2.2598 Acc: 0.2633 TopK-Acc: 0.6687

Epoch 4/10
----------
train Loss: 2.1221 Acc: 0.2956 TopK-Acc: 0.7436
valid Loss: 2.0335 Acc: 0.3047 TopK-Acc: 0.7427

Epoch 5/10
----------
train Loss: 1.8536 Acc: 0.3719 TopK-Acc: 0.8253
valid Loss: 1.7003 Acc: 0.4073 TopK-Acc: 0.8620

Epoch 6/10
----------
train Loss: 1.7175 Acc: 0.4161 TopK-Acc: 0.8622
valid Loss: 1.6089 Acc: 0.4393 TopK-Acc: 0.8827

Epoch 7/10
----------
train Loss: 1.5866 Acc: 0.4649 TopK-Acc: 0.8868
valid Loss: 1.4943 Acc: 0.4873 TopK-Acc: 0.9053

Epoch 8/10
----------
train Loss: 1.4636 Acc: 0.5014 TopK-Acc: 0.9089
valid Loss: 1.4023 Acc: 0.5147 TopK-Acc: 0.9300

Epoch 9/10
----------
train Loss: 1.3619 Acc: 0.5392 TopK-Acc: 0.9243
valid Loss: 1.3657 Acc: 0.5320 TopK-Acc: 0.9307

Epoch 10/10
----------
train Loss: 1.2570 Acc: 0.5751 TopK-Acc: 0.9333
valid Loss: 1.1766 Acc: 0.6040 TopK-Acc: 0.9500

Epoch 11/20
----------
train Loss: 1.1677 Acc: 0.5992 TopK-Acc: 0.9464
valid Loss: 1.1154 Acc: 0.6247 TopK-Acc: 0.9413

Epoch 12/20
----------
train Loss: 1.0795 Acc: 0.6316 TopK-Acc: 0.9544
valid Loss: 1.0933 Acc: 0.6380 TopK-Acc: 0.9580

Epoch 13/20
----------
train Loss: 0.9950 Acc: 0.6612 TopK-Acc: 0.9649
valid Loss: 0.9732 Acc: 0.6787 TopK-Acc: 0.9647

Epoch 14/20
----------
train Loss: 0.9226 Acc: 0.6844 TopK-Acc: 0.9680
valid Loss: 0.9213 Acc: 0.6960 TopK-Acc: 0.9647

Epoch 15/20
----------
train Loss: 0.8496 Acc: 0.7094 TopK-Acc: 0.9745
valid Loss: 0.8956 Acc: 0.7167 TopK-Acc: 0.9727

Epoch 16/20
----------
train Loss: 0.7906 Acc: 0.7316 TopK-Acc: 0.9805
valid Loss: 1.0291 Acc: 0.6853 TopK-Acc: 0.9640

Epoch 17/20
----------
train Loss: 0.7276 Acc: 0.7519 TopK-Acc: 0.9832
valid Loss: 1.0512 Acc: 0.6573 TopK-Acc: 0.9567

Epoch 18/20
----------
train Loss: 0.6813 Acc: 0.7639 TopK-Acc: 0.9861
valid Loss: 0.8846 Acc: 0.7140 TopK-Acc: 0.9747

Epoch 19/20
----------
train Loss: 0.6253 Acc: 0.7848 TopK-Acc: 0.9876
valid Loss: 0.9331 Acc: 0.7127 TopK-Acc: 0.9700

Epoch 20/20
----------
train Loss: 0.5755 Acc: 0.8013 TopK-Acc: 0.9902
valid Loss: 0.9565 Acc: 0.7033 TopK-Acc: 0.9747

Epoch 21/30
----------
train Loss: 0.5209 Acc: 0.8212 TopK-Acc: 0.9923
valid Loss: 0.8795 Acc: 0.7233 TopK-Acc: 0.9773

Epoch 22/30
----------
train Loss: 0.4830 Acc: 0.8348 TopK-Acc: 0.9943
valid Loss: 0.9052 Acc: 0.7120 TopK-Acc: 0.9767

Epoch 23/30
----------
train Loss: 0.4354 Acc: 0.8501 TopK-Acc: 0.9949
valid Loss: 0.9023 Acc: 0.7320 TopK-Acc: 0.9813

Epoch 24/30
----------
train Loss: 0.3880 Acc: 0.8675 TopK-Acc: 0.9956
valid Loss: 0.9134 Acc: 0.7180 TopK-Acc: 0.9827

Epoch 25/30
----------
train Loss: 0.3665 Acc: 0.8710 TopK-Acc: 0.9972
valid Loss: 0.9367 Acc: 0.7280 TopK-Acc: 0.9773

Epoch 26/30
----------
train Loss: 0.3353 Acc: 0.8840 TopK-Acc: 0.9972
valid Loss: 1.0328 Acc: 0.7200 TopK-Acc: 0.9727

Epoch 27/30
----------
train Loss: 0.3006 Acc: 0.8946 TopK-Acc: 0.9984
valid Loss: 1.0482 Acc: 0.7153 TopK-Acc: 0.9693

Epoch 28/30
----------
train Loss: 0.2840 Acc: 0.9018 TopK-Acc: 0.9989
valid Loss: 0.9658 Acc: 0.7407 TopK-Acc: 0.9773

Epoch 29/30
----------
train Loss: 0.2518 Acc: 0.9152 TopK-Acc: 0.9984
valid Loss: 1.2509 Acc: 0.7140 TopK-Acc: 0.9747

Epoch 30/30
----------
train Loss: 0.1534 Acc: 0.9493 TopK-Acc: 0.9995
valid Loss: 1.0190 Acc: 0.7653 TopK-Acc: 0.9807

Epoch 31/40
----------
train Loss: 0.1241 Acc: 0.9584 TopK-Acc: 0.9999
valid Loss: 1.0495 Acc: 0.7633 TopK-Acc: 0.9807

Epoch 32/40
----------
train Loss: 0.1157 Acc: 0.9615 TopK-Acc: 0.9997
valid Loss: 1.0680 Acc: 0.7580 TopK-Acc: 0.9780

Epoch 33/40
----------
train Loss: 0.1032 Acc: 0.9670 TopK-Acc: 0.9998
valid Loss: 1.0944 Acc: 0.7580 TopK-Acc: 0.9793

Epoch 34/40
----------
train Loss: 0.0988 Acc: 0.9663 TopK-Acc: 0.9999
valid Loss: 1.1261 Acc: 0.7580 TopK-Acc: 0.9807

Epoch 35/40
----------
train Loss: 0.0975 Acc: 0.9667 TopK-Acc: 0.9998
valid Loss: 1.1113 Acc: 0.7547 TopK-Acc: 0.9813

Epoch 36/40
----------
train Loss: 0.0940 Acc: 0.9688 TopK-Acc: 0.9999
valid Loss: 1.1125 Acc: 0.7640 TopK-Acc: 0.9773

Epoch 37/40
----------
train Loss: 0.0925 Acc: 0.9678 TopK-Acc: 0.9999
valid Loss: 1.1459 Acc: 0.7580 TopK-Acc: 0.9793

Epoch 38/40
----------
train Loss: 0.0812 Acc: 0.9736 TopK-Acc: 0.9999
valid Loss: 1.1530 Acc: 0.7633 TopK-Acc: 0.9767

Epoch 39/40
----------
train Loss: 0.0839 Acc: 0.9710 TopK-Acc: 1.0000
valid Loss: 1.1521 Acc: 0.7587 TopK-Acc: 0.9767

Epoch 40/40
----------
train Loss: 0.0809 Acc: 0.9723 TopK-Acc: 0.9999
valid Loss: 1.1557 Acc: 0.7613 TopK-Acc: 0.9780

Epoch 41/50
----------
train Loss: 0.0761 Acc: 0.9744 TopK-Acc: 0.9999
valid Loss: 1.1615 Acc: 0.7667 TopK-Acc: 0.9780

Epoch 42/50
----------
train Loss: 0.0836 Acc: 0.9735 TopK-Acc: 0.9999
valid Loss: 1.1596 Acc: 0.7680 TopK-Acc: 0.9773

Epoch 43/50
----------
train Loss: 0.0774 Acc: 0.9737 TopK-Acc: 0.9999
valid Loss: 1.1594 Acc: 0.7607 TopK-Acc: 0.9773

Epoch 44/50
----------
train Loss: 0.0796 Acc: 0.9728 TopK-Acc: 0.9999
valid Loss: 1.1646 Acc: 0.7640 TopK-Acc: 0.9773

Epoch 45/50
----------
train Loss: 0.0818 Acc: 0.9720 TopK-Acc: 0.9999
valid Loss: 1.1547 Acc: 0.7633 TopK-Acc: 0.9787

Epoch 46/50
----------
train Loss: 0.0804 Acc: 0.9723 TopK-Acc: 0.9998
valid Loss: 1.1555 Acc: 0.7633 TopK-Acc: 0.9787

Epoch 47/50
----------
train Loss: 0.0805 Acc: 0.9729 TopK-Acc: 0.9999
valid Loss: 1.1562 Acc: 0.7627 TopK-Acc: 0.9793

Epoch 48/50
----------
train Loss: 0.0817 Acc: 0.9722 TopK-Acc: 0.9999
valid Loss: 1.1577 Acc: 0.7633 TopK-Acc: 0.9793

Epoch 49/50
----------
train Loss: 0.0804 Acc: 0.9723 TopK-Acc: 0.9999
valid Loss: 1.1606 Acc: 0.7633 TopK-Acc: 0.9787

Epoch 50/50
----------
train Loss: 0.0764 Acc: 0.9747 TopK-Acc: 0.9999
valid Loss: 1.1608 Acc: 0.7633 TopK-Acc: 0.9787

Best val Acc: 0.768000
Best val TopK-Acc: 0.982667