Epoch 1/10
----------
train Loss: 2.1766 Acc: 0.3095 TopK-Acc: 0.7320
valid Loss: 1.7185 Acc: 0.5100 TopK-Acc: 0.9033

Epoch 2/10
----------
train Loss: 1.3628 Acc: 0.5916 TopK-Acc: 0.9443
valid Loss: 1.0265 Acc: 0.6840 TopK-Acc: 0.9767

Epoch 3/10
----------
train Loss: 0.9637 Acc: 0.6925 TopK-Acc: 0.9741
valid Loss: 0.7395 Acc: 0.7600 TopK-Acc: 0.9860

Epoch 4/10
----------
train Loss: 0.7985 Acc: 0.7369 TopK-Acc: 0.9806
valid Loss: 0.6202 Acc: 0.7987 TopK-Acc: 0.9920

Epoch 5/10
----------
train Loss: 0.7100 Acc: 0.7575 TopK-Acc: 0.9872
valid Loss: 0.5629 Acc: 0.8133 TopK-Acc: 0.9920

Epoch 6/10
----------
train Loss: 0.6433 Acc: 0.7793 TopK-Acc: 0.9902
valid Loss: 0.5174 Acc: 0.8260 TopK-Acc: 0.9933

Epoch 7/10
----------
train Loss: 0.6044 Acc: 0.7939 TopK-Acc: 0.9912
valid Loss: 0.4881 Acc: 0.8373 TopK-Acc: 0.9953

Epoch 8/10
----------
train Loss: 0.5678 Acc: 0.8024 TopK-Acc: 0.9913
valid Loss: 0.4625 Acc: 0.8493 TopK-Acc: 0.9967

Epoch 9/10
----------
train Loss: 0.5381 Acc: 0.8143 TopK-Acc: 0.9933
valid Loss: 0.4708 Acc: 0.8393 TopK-Acc: 0.9967

Epoch 10/10
----------
train Loss: 0.5161 Acc: 0.8213 TopK-Acc: 0.9946
valid Loss: 0.4576 Acc: 0.8480 TopK-Acc: 0.9973

Epoch 11/20
----------
train Loss: 0.4967 Acc: 0.8285 TopK-Acc: 0.9946
valid Loss: 0.4398 Acc: 0.8493 TopK-Acc: 0.9960

Epoch 12/20
----------
train Loss: 0.4765 Acc: 0.8304 TopK-Acc: 0.9949
valid Loss: 0.4409 Acc: 0.8480 TopK-Acc: 0.9973

Epoch 13/20
----------
train Loss: 0.4493 Acc: 0.8441 TopK-Acc: 0.9948
valid Loss: 0.4110 Acc: 0.8647 TopK-Acc: 0.9987

Epoch 14/20
----------
train Loss: 0.4504 Acc: 0.8415 TopK-Acc: 0.9964
valid Loss: 0.4170 Acc: 0.8547 TopK-Acc: 0.9980

Epoch 15/20
----------
train Loss: 0.4276 Acc: 0.8480 TopK-Acc: 0.9962
valid Loss: 0.4041 Acc: 0.8653 TopK-Acc: 0.9973

Epoch 16/20
----------
train Loss: 0.4210 Acc: 0.8509 TopK-Acc: 0.9964
valid Loss: 0.4105 Acc: 0.8627 TopK-Acc: 0.9980

Epoch 17/20
----------
train Loss: 0.4075 Acc: 0.8558 TopK-Acc: 0.9964
valid Loss: 0.4030 Acc: 0.8660 TopK-Acc: 0.9987

Epoch 18/20
----------
train Loss: 0.3937 Acc: 0.8635 TopK-Acc: 0.9967
valid Loss: 0.3893 Acc: 0.8680 TopK-Acc: 0.9967

Epoch 19/20
----------
train Loss: 0.3879 Acc: 0.8649 TopK-Acc: 0.9969
valid Loss: 0.3855 Acc: 0.8693 TopK-Acc: 0.9973

Epoch 20/20
----------
train Loss: 0.3708 Acc: 0.8709 TopK-Acc: 0.9970
valid Loss: 0.3931 Acc: 0.8713 TopK-Acc: 0.9987

Epoch 21/30
----------
train Loss: 0.3632 Acc: 0.8721 TopK-Acc: 0.9977
valid Loss: 0.3804 Acc: 0.8733 TopK-Acc: 0.9987

Epoch 22/30
----------
train Loss: 0.3593 Acc: 0.8716 TopK-Acc: 0.9976
valid Loss: 0.3818 Acc: 0.8753 TopK-Acc: 0.9980

Epoch 23/30
----------
train Loss: 0.3487 Acc: 0.8756 TopK-Acc: 0.9967
valid Loss: 0.3761 Acc: 0.8733 TopK-Acc: 0.9980

Epoch 24/30
----------
train Loss: 0.3449 Acc: 0.8753 TopK-Acc: 0.9979
valid Loss: 0.3819 Acc: 0.8747 TopK-Acc: 0.9987

Epoch 25/30
----------
train Loss: 0.3305 Acc: 0.8834 TopK-Acc: 0.9978
valid Loss: 0.3677 Acc: 0.8760 TopK-Acc: 0.9973

Epoch 26/30
----------
train Loss: 0.3260 Acc: 0.8831 TopK-Acc: 0.9983
valid Loss: 0.3725 Acc: 0.8753 TopK-Acc: 0.9973

Epoch 27/30
----------
train Loss: 0.3210 Acc: 0.8831 TopK-Acc: 0.9985
valid Loss: 0.3723 Acc: 0.8753 TopK-Acc: 0.9973

Epoch 28/30
----------
train Loss: 0.3113 Acc: 0.8882 TopK-Acc: 0.9981
valid Loss: 0.3712 Acc: 0.8760 TopK-Acc: 0.9973

Epoch 29/30
----------
train Loss: 0.3034 Acc: 0.8932 TopK-Acc: 0.9982
valid Loss: 0.3733 Acc: 0.8753 TopK-Acc: 0.9980

Epoch 30/30
----------
train Loss: 0.3028 Acc: 0.8927 TopK-Acc: 0.9985
valid Loss: 0.3607 Acc: 0.8793 TopK-Acc: 0.9980

Best val Acc: 0.879333
Best val TopK-Acc: 0.998667