Model: "sequential"
_________________________________________________________________
Layer (type)                 Output Shape              Param #
=================================================================
conv2d (Conv2D)              (None, 55, 55, 96)        34944
_________________________________________________________________
batch_normalization (BatchNo (None, 55, 55, 96)        384
_________________________________________________________________
max_pooling2d (MaxPooling2D) (None, 13, 13, 96)        0
_________________________________________________________________
flatten (Flatten)            (None, 16224)             0
_________________________________________________________________
dense (Dense)                (None, 4096)              66457600
_________________________________________________________________
dropout (Dropout)            (None, 4096)              0
_________________________________________________________________
dense_1 (Dense)              (None, 15)                61455
=================================================================
Total params: 66,554,383
Trainable params: 66,554,191
Non-trainable params: 192
_________________________________________________________________


Epoch 1/50
187/187 [==============================] - 77s 414ms/step - loss: 3.3617 - accuracy: 0.1816 - sparse_top_k_categorical_accuracy: 0.5598 - val_loss: 2.3706 - val_accuracy: 0.2433 - val_sparse_top_k_categorical_accuracy: 0.6390
Epoch 2/50
187/187 [==============================] - 77s 412ms/step - loss: 2.4058 - accuracy: 0.3095 - sparse_top_k_categorical_accuracy: 0.7273 - val_loss: 2.2372 - val_accuracy: 0.3013 - val_sparse_top_k_categorical_accuracy: 0.7037
Epoch 3/50
187/187 [==============================] - 77s 412ms/step - loss: 1.9606 - accuracy: 0.3866 - sparse_top_k_categorical_accuracy: 0.8079 - val_loss: 2.0387 - val_accuracy: 0.3630 - val_sparse_top_k_categorical_accuracy: 0.7593
Epoch 4/50
187/187 [==============================] - 85s 456ms/step - loss: 1.6595 - accuracy: 0.4655 - sparse_top_k_categorical_accuracy: 0.8615 - val_loss: 2.0619 - val_accuracy: 0.3707 - val_sparse_top_k_categorical_accuracy: 0.7520
Epoch 5/50
187/187 [==============================] - 76s 408ms/step - loss: 1.4179 - accuracy: 0.5290 - sparse_top_k_categorical_accuracy: 0.9054 - val_loss: 1.9791 - val_accuracy: 0.3797 - val_sparse_top_k_categorical_accuracy: 0.7750
Epoch 6/50
187/187 [==============================] - 77s 414ms/step - loss: 1.2530 - accuracy: 0.5906 - sparse_top_k_categorical_accuracy: 0.9288 - val_loss: 1.8667 - val_accuracy: 0.4213 - val_sparse_top_k_categorical_accuracy: 0.8017
Epoch 7/50
187/187 [==============================] - 88s 468ms/step - loss: 1.1133 - accuracy: 0.6322 - sparse_top_k_categorical_accuracy: 0.9446 - val_loss: 1.8004 - val_accuracy: 0.4390 - val_sparse_top_k_categorical_accuracy: 0.8203
Epoch 8/50
187/187 [==============================] - 79s 420ms/step - loss: 0.9758 - accuracy: 0.6849 - sparse_top_k_categorical_accuracy: 0.9596 - val_loss: 1.7698 - val_accuracy: 0.4413 - val_sparse_top_k_categorical_accuracy: 0.8247
Epoch 9/50
187/187 [==============================] - 84s 451ms/step - loss: 0.8695 - accuracy: 0.7191 - sparse_top_k_categorical_accuracy: 0.9749 - val_loss: 1.7594 - val_accuracy: 0.4537 - val_sparse_top_k_categorical_accuracy: 0.8223
Epoch 10/50
187/187 [==============================] - 80s 430ms/step - loss: 0.7971 - accuracy: 0.7449 - sparse_top_k_categorical_accuracy: 0.9777 - val_loss: 1.7849 - val_accuracy: 0.4523 - val_sparse_top_k_categorical_accuracy: 0.8257
Epoch 11/50
187/187 [==============================] - 83s 441ms/step - loss: 0.7206 - accuracy: 0.7725 - sparse_top_k_categorical_accuracy: 0.9846 - val_loss: 1.7350 - val_accuracy: 0.4690 - val_sparse_top_k_categorical_accuracy: 0.8353
Epoch 12/50
187/187 [==============================] - 80s 430ms/step - loss: 0.6587 - accuracy: 0.7926 - sparse_top_k_categorical_accuracy: 0.9886 - val_loss: 1.8451 - val_accuracy: 0.4390 - val_sparse_top_k_categorical_accuracy: 0.8157
Epoch 13/50
187/187 [==============================] - 85s 456ms/step - loss: 0.5959 - accuracy: 0.8203 - sparse_top_k_categorical_accuracy: 0.9893 - val_loss: 1.7425 - val_accuracy: 0.4677 - val_sparse_top_k_categorical_accuracy: 0.8383
Epoch 14/50
187/187 [==============================] - 81s 435ms/step - loss: 0.5525 - accuracy: 0.8342 - sparse_top_k_categorical_accuracy: 0.9935 - val_loss: 1.7280 - val_accuracy: 0.4760 - val_sparse_top_k_categorical_accuracy: 0.8430
Epoch 15/50
187/187 [==============================] - 84s 451ms/step - loss: 0.4991 - accuracy: 0.8504 - sparse_top_k_categorical_accuracy: 0.9933 - val_loss: 1.7110 - val_accuracy: 0.4750 - val_sparse_top_k_categorical_accuracy: 0.8523
Epoch 16/50
187/187 [==============================] - 83s 444ms/step - loss: 0.4495 - accuracy: 0.8767 - sparse_top_k_categorical_accuracy: 0.9958 - val_loss: 1.7219 - val_accuracy: 0.4717 - val_sparse_top_k_categorical_accuracy: 0.8540
Epoch 17/50
187/187 [==============================] - 86s 459ms/step - loss: 0.4222 - accuracy: 0.8834 - sparse_top_k_categorical_accuracy: 0.9963 - val_loss: 1.7606 - val_accuracy: 0.4710 - val_sparse_top_k_categorical_accuracy: 0.8473
Epoch 18/50
187/187 [==============================] - 85s 455ms/step - loss: 0.3838 - accuracy: 0.8950 - sparse_top_k_categorical_accuracy: 0.9966 - val_loss: 1.7170 - val_accuracy: 0.4790 - val_sparse_top_k_categorical_accuracy: 0.8523
Epoch 19/50
187/187 [==============================] - 85s 454ms/step - loss: 0.3629 - accuracy: 0.9040 - sparse_top_k_categorical_accuracy: 0.9983 - val_loss: 1.7416 - val_accuracy: 0.4783 - val_sparse_top_k_categorical_accuracy: 0.8463
Epoch 20/50
187/187 [==============================] - 86s 458ms/step - loss: 0.3361 - accuracy: 0.9132 - sparse_top_k_categorical_accuracy: 0.9992 - val_loss: 1.7423 - val_accuracy: 0.4847 - val_sparse_top_k_categorical_accuracy: 0.8520
Epoch 21/50
187/187 [==============================] - 85s 454ms/step - loss: 0.3136 - accuracy: 0.9196 - sparse_top_k_categorical_accuracy: 0.9987 - val_loss: 1.7132 - val_accuracy: 0.4863 - val_sparse_top_k_categorical_accuracy: 0.8563
Epoch 22/50
187/187 [==============================] - 86s 458ms/step - loss: 0.2796 - accuracy: 0.9345 - sparse_top_k_categorical_accuracy: 0.9992 - val_loss: 1.7181 - val_accuracy: 0.4907 - val_sparse_top_k_categorical_accuracy: 0.8597
Epoch 23/50
187/187 [==============================] - 86s 460ms/step - loss: 0.2711 - accuracy: 0.9369 - sparse_top_k_categorical_accuracy: 0.9992 - val_loss: 1.7458 - val_accuracy: 0.4883 - val_sparse_top_k_categorical_accuracy: 0.8590
Epoch 24/50
187/187 [==============================] - 85s 457ms/step - loss: 0.2583 - accuracy: 0.9414 - sparse_top_k_categorical_accuracy: 0.9992 - val_loss: 1.7316 - val_accuracy: 0.4910 - val_sparse_top_k_categorical_accuracy: 0.8633
Epoch 25/50
187/187 [==============================] - 86s 459ms/step - loss: 0.2324 - accuracy: 0.9526 - sparse_top_k_categorical_accuracy: 0.9995 - val_loss: 1.7114 - val_accuracy: 0.4953 - val_sparse_top_k_categorical_accuracy: 0.8587
Epoch 26/50
187/187 [==============================] - 86s 459ms/step - loss: 0.2283 - accuracy: 0.9514 - sparse_top_k_categorical_accuracy: 0.9998 - val_loss: 1.7440 - val_accuracy: 0.4943 - val_sparse_top_k_categorical_accuracy: 0.8630
Epoch 27/50
187/187 [==============================] - 86s 461ms/step - loss: 0.2087 - accuracy: 0.9568 - sparse_top_k_categorical_accuracy: 0.9998 - val_loss: 1.7409 - val_accuracy: 0.4950 - val_sparse_top_k_categorical_accuracy: 0.8640
Epoch 28/50
187/187 [==============================] - 85s 454ms/step - loss: 0.2066 - accuracy: 0.9556 - sparse_top_k_categorical_accuracy: 1.0000 - val_loss: 1.7478 - val_accuracy: 0.4877 - val_sparse_top_k_categorical_accuracy: 0.8627
Epoch 29/50
187/187 [==============================] - 89s 473ms/step - loss: 0.1854 - accuracy: 0.9623 - sparse_top_k_categorical_accuracy: 0.9995 - val_loss: 1.7453 - val_accuracy: 0.4993 - val_sparse_top_k_categorical_accuracy: 0.8603
Epoch 30/50
187/187 [==============================] - 86s 463ms/step - loss: 0.1789 - accuracy: 0.9638 - sparse_top_k_categorical_accuracy: 0.9998 - val_loss: 1.7266 - val_accuracy: 0.4997 - val_sparse_top_k_categorical_accuracy: 0.8630
Epoch 31/50
187/187 [==============================] - 88s 469ms/step - loss: 0.1698 - accuracy: 0.9665 - sparse_top_k_categorical_accuracy: 1.0000 - val_loss: 1.7576 - val_accuracy: 0.5010 - val_sparse_top_k_categorical_accuracy: 0.8617
Epoch 32/50
187/187 [==============================] - 86s 459ms/step - loss: 0.1591 - accuracy: 0.9688 - sparse_top_k_categorical_accuracy: 1.0000 - val_loss: 1.7585 - val_accuracy: 0.4983 - val_sparse_top_k_categorical_accuracy: 0.8610
Epoch 33/50
187/187 [==============================] - 86s 462ms/step - loss: 0.1525 - accuracy: 0.9740 - sparse_top_k_categorical_accuracy: 1.0000 - val_loss: 1.7819 - val_accuracy: 0.4947 - val_sparse_top_k_categorical_accuracy: 0.8583
Epoch 34/50
187/187 [==============================] - 85s 453ms/step - loss: 0.1474 - accuracy: 0.9752 - sparse_top_k_categorical_accuracy: 0.9998 - val_loss: 1.7667 - val_accuracy: 0.4980 - val_sparse_top_k_categorical_accuracy: 0.8617
Epoch 35/50
187/187 [==============================] - 85s 453ms/step - loss: 0.1398 - accuracy: 0.9774 - sparse_top_k_categorical_accuracy: 0.9998 - val_loss: 1.7595 - val_accuracy: 0.5030 - val_sparse_top_k_categorical_accuracy: 0.8650
Epoch 36/50
187/187 [==============================] - 85s 456ms/step - loss: 0.1337 - accuracy: 0.9747 - sparse_top_k_categorical_accuracy: 1.0000 - val_loss: 1.7682 - val_accuracy: 0.5017 - val_sparse_top_k_categorical_accuracy: 0.8660
Epoch 37/50
187/187 [==============================] - 86s 458ms/step - loss: 0.1308 - accuracy: 0.9771 - sparse_top_k_categorical_accuracy: 1.0000 - val_loss: 1.7751 - val_accuracy: 0.4937 - val_sparse_top_k_categorical_accuracy: 0.8660
Epoch 38/50
187/187 [==============================] - 86s 458ms/step - loss: 0.1253 - accuracy: 0.9797 - sparse_top_k_categorical_accuracy: 1.0000 - val_loss: 1.7560 - val_accuracy: 0.5080 - val_sparse_top_k_categorical_accuracy: 0.8687
Epoch 39/50
187/187 [==============================] - 86s 460ms/step - loss: 0.1088 - accuracy: 0.9853 - sparse_top_k_categorical_accuracy: 1.0000 - val_loss: 1.7824 - val_accuracy: 0.5033 - val_sparse_top_k_categorical_accuracy: 0.8647
Epoch 40/50
187/187 [==============================] - 86s 461ms/step - loss: 0.1111 - accuracy: 0.9817 - sparse_top_k_categorical_accuracy: 1.0000 - val_loss: 1.7937 - val_accuracy: 0.5010 - val_sparse_top_k_categorical_accuracy: 0.8607
Epoch 41/50
187/187 [==============================] - 86s 459ms/step - loss: 0.1121 - accuracy: 0.9824 - sparse_top_k_categorical_accuracy: 0.9998 - val_loss: 1.7729 - val_accuracy: 0.5007 - val_sparse_top_k_categorical_accuracy: 0.8703
Epoch 42/50
187/187 [==============================] - 85s 455ms/step - loss: 0.1035 - accuracy: 0.9864 - sparse_top_k_categorical_accuracy: 1.0000 - val_loss: 1.7815 - val_accuracy: 0.5080 - val_sparse_top_k_categorical_accuracy: 0.8703
Epoch 43/50
187/187 [==============================] - 86s 458ms/step - loss: 0.1054 - accuracy: 0.9843 - sparse_top_k_categorical_accuracy: 0.9998 - val_loss: 1.8089 - val_accuracy: 0.5043 - val_sparse_top_k_categorical_accuracy: 0.8623
Epoch 44/50
187/187 [==============================] - 86s 459ms/step - loss: 0.1014 - accuracy: 0.9851 - sparse_top_k_categorical_accuracy: 1.0000 - val_loss: 1.8119 - val_accuracy: 0.4977 - val_sparse_top_k_categorical_accuracy: 0.8620
Epoch 45/50
187/187 [==============================] - 88s 468ms/step - loss: 0.0933 - accuracy: 0.9871 - sparse_top_k_categorical_accuracy: 1.0000 - val_loss: 1.8016 - val_accuracy: 0.5060 - val_sparse_top_k_categorical_accuracy: 0.8677
Epoch 46/50
187/187 [==============================] - 87s 463ms/step - loss: 0.0855 - accuracy: 0.9899 - sparse_top_k_categorical_accuracy: 1.0000 - val_loss: 1.8140 - val_accuracy: 0.5060 - val_sparse_top_k_categorical_accuracy: 0.8650
Epoch 47/50
187/187 [==============================] - 86s 458ms/step - loss: 0.0826 - accuracy: 0.9884 - sparse_top_k_categorical_accuracy: 1.0000 - val_loss: 1.7935 - val_accuracy: 0.5087 - val_sparse_top_k_categorical_accuracy: 0.8667
Epoch 48/50
187/187 [==============================] - 86s 457ms/step - loss: 0.0834 - accuracy: 0.9874 - sparse_top_k_categorical_accuracy: 1.0000 - val_loss: 1.7957 - val_accuracy: 0.5073 - val_sparse_top_k_categorical_accuracy: 0.8660
Epoch 49/50
187/187 [==============================] - 86s 459ms/step - loss: 0.0808 - accuracy: 0.9893 - sparse_top_k_categorical_accuracy: 1.0000 - val_loss: 1.7893 - val_accuracy: 0.5157 - val_sparse_top_k_categorical_accuracy: 0.8693
Epoch 50/50
187/187 [==============================] - 86s 460ms/step - loss: 0.0773 - accuracy: 0.9910 - sparse_top_k_categorical_accuracy: 1.0000 - val_loss: 1.8009 - val_accuracy: 0.5113 - val_sparse_top_k_categorical_accuracy: 0.8683
