Model: "sequential"
_________________________________________________________________
Layer (type)                 Output Shape              Param #
=================================================================
conv2d (Conv2D)              (None, 55, 55, 96)        34944
_________________________________________________________________
batch_normalization (BatchNo (None, 55, 55, 96)        384
_________________________________________________________________
max_pooling2d (MaxPooling2D) (None, 27, 27, 96)        0
_________________________________________________________________
conv2d_1 (Conv2D)            (None, 27, 27, 256)       614656
_________________________________________________________________
batch_normalization_1 (Batch (None, 27, 27, 256)       1024
_________________________________________________________________
max_pooling2d_1 (MaxPooling2 (None, 13, 13, 256)       0
_________________________________________________________________
conv2d_2 (Conv2D)            (None, 13, 13, 256)       590080
_________________________________________________________________
batch_normalization_2 (Batch (None, 13, 13, 256)       1024
_________________________________________________________________
max_pooling2d_2 (MaxPooling2 (None, 6, 6, 256)         0
_________________________________________________________________
flatten (Flatten)            (None, 9216)              0
_________________________________________________________________
dense (Dense)                (None, 4096)              37752832
_________________________________________________________________
dropout (Dropout)            (None, 4096)              0
_________________________________________________________________
dense_1 (Dense)              (None, 4096)              16781312
_________________________________________________________________
dropout_1 (Dropout)          (None, 4096)              0
_________________________________________________________________
dense_2 (Dense)              (None, 15)                61455
=================================================================
Total params: 55,837,711
Trainable params: 55,836,495
Non-trainable params: 1,216
_________________________________________________________________
Epoch 1/50
187/187 [==============================] - 235s 1s/step - loss: 3.4040 - accuracy: 0.1553 - sparse_top_k_categorical_accuracy: 0.5219 - val_loss: 2.4958 - val_accuracy: 0.2030 - val_sparse_top_k_categorical_accuracy: 0.5377
Epoch 2/50
187/187 [==============================] - 231s 1s/step - loss: 2.6479 - accuracy: 0.2583 - sparse_top_k_categorical_accuracy: 0.6633 - val_loss: 2.0814 - val_accuracy: 0.3183 - val_sparse_top_k_categorical_accuracy: 0.7387
Epoch 3/50
187/187 [==============================] - 231s 1s/step - loss: 2.2480 - accuracy: 0.3315 - sparse_top_k_categorical_accuracy: 0.7467 - val_loss: 1.8580 - val_accuracy: 0.4073 - val_sparse_top_k_categorical_accuracy: 0.7930
Epoch 4/50
187/187 [==============================] - 239s 1s/step - loss: 2.0119 - accuracy: 0.3735 - sparse_top_k_categorical_accuracy: 0.7961 - val_loss: 1.7140 - val_accuracy: 0.4530 - val_sparse_top_k_categorical_accuracy: 0.8287
Epoch 5/50
187/187 [==============================] - 229s 1s/step - loss: 1.8059 - accuracy: 0.4231 - sparse_top_k_categorical_accuracy: 0.8377 - val_loss: 1.6522 - val_accuracy: 0.4580 - val_sparse_top_k_categorical_accuracy: 0.8523
Epoch 6/50
187/187 [==============================] - 242s 1s/step - loss: 1.6580 - accuracy: 0.4606 - sparse_top_k_categorical_accuracy: 0.8620 - val_loss: 1.5846 - val_accuracy: 0.4793 - val_sparse_top_k_categorical_accuracy: 0.8717
Epoch 7/50
187/187 [==============================] - 273s 1s/step - loss: 1.5567 - accuracy: 0.4898 - sparse_top_k_categorical_accuracy: 0.8807 - val_loss: 1.5375 - val_accuracy: 0.4913 - val_sparse_top_k_categorical_accuracy: 0.8813
Epoch 8/50
187/187 [==============================] - 237s 1s/step - loss: 1.4766 - accuracy: 0.5204 - sparse_top_k_categorical_accuracy: 0.8980 - val_loss: 1.4703 - val_accuracy: 0.5110 - val_sparse_top_k_categorical_accuracy: 0.8930
Epoch 9/50
187/187 [==============================] - 236s 1s/step - loss: 1.3819 - accuracy: 0.5474 - sparse_top_k_categorical_accuracy: 0.9047 - val_loss: 1.4356 - val_accuracy: 0.5180 - val_sparse_top_k_categorical_accuracy: 0.8990
Epoch 10/50
187/187 [==============================] - 236s 1s/step - loss: 1.3244 - accuracy: 0.5620 - sparse_top_k_categorical_accuracy: 0.9196 - val_loss: 1.4264 - val_accuracy: 0.5360 - val_sparse_top_k_categorical_accuracy: 0.8950
Epoch 11/50
187/187 [==============================] - 243s 1s/step - loss: 1.2403 - accuracy: 0.5871 - sparse_top_k_categorical_accuracy: 0.9278 - val_loss: 1.3595 - val_accuracy: 0.5517 - val_sparse_top_k_categorical_accuracy: 0.9017
Epoch 12/50
187/187 [==============================] - 255s 1s/step - loss: 1.1794 - accuracy: 0.6047 - sparse_top_k_categorical_accuracy: 0.9384 - val_loss: 1.3678 - val_accuracy: 0.5483 - val_sparse_top_k_categorical_accuracy: 0.9060
Epoch 13/50
187/187 [==============================] - 238s 1s/step - loss: 1.1323 - accuracy: 0.6276 - sparse_top_k_categorical_accuracy: 0.9430 - val_loss: 1.3409 - val_accuracy: 0.5560 - val_sparse_top_k_categorical_accuracy: 0.9123
Epoch 14/50
187/187 [==============================] - 236s 1s/step - loss: 1.0761 - accuracy: 0.6394 - sparse_top_k_categorical_accuracy: 0.9508 - val_loss: 1.3343 - val_accuracy: 0.5553 - val_sparse_top_k_categorical_accuracy: 0.9083
Epoch 15/50
187/187 [==============================] - 241s 1s/step - loss: 1.0325 - accuracy: 0.6551 - sparse_top_k_categorical_accuracy: 0.9573 - val_loss: 1.3015 - val_accuracy: 0.5690 - val_sparse_top_k_categorical_accuracy: 0.9213
Epoch 16/50
187/187 [==============================] - 238s 1s/step - loss: 0.9948 - accuracy: 0.6734 - sparse_top_k_categorical_accuracy: 0.9600 - val_loss: 1.3485 - val_accuracy: 0.5620 - val_sparse_top_k_categorical_accuracy: 0.9083
Epoch 17/50
187/187 [==============================] - 245s 1s/step - loss: 0.9400 - accuracy: 0.6843 - sparse_top_k_categorical_accuracy: 0.9628 - val_loss: 1.2793 - val_accuracy: 0.5760 - val_sparse_top_k_categorical_accuracy: 0.9177
Epoch 18/50
187/187 [==============================] - 243s 1s/step - loss: 0.9068 - accuracy: 0.6966 - sparse_top_k_categorical_accuracy: 0.9633 - val_loss: 1.2823 - val_accuracy: 0.5763 - val_sparse_top_k_categorical_accuracy: 0.9127
Epoch 19/50
187/187 [==============================] - 241s 1s/step - loss: 0.8616 - accuracy: 0.7121 - sparse_top_k_categorical_accuracy: 0.9707 - val_loss: 1.2673 - val_accuracy: 0.5727 - val_sparse_top_k_categorical_accuracy: 0.9270
Epoch 20/50
187/187 [==============================] - 239s 1s/step - loss: 0.8156 - accuracy: 0.7337 - sparse_top_k_categorical_accuracy: 0.9732 - val_loss: 1.2471 - val_accuracy: 0.5897 - val_sparse_top_k_categorical_accuracy: 0.9207
Epoch 21/50
187/187 [==============================] - 243s 1s/step - loss: 0.7820 - accuracy: 0.7457 - sparse_top_k_categorical_accuracy: 0.9742 - val_loss: 1.2614 - val_accuracy: 0.5743 - val_sparse_top_k_categorical_accuracy: 0.9270
Epoch 22/50
187/187 [==============================] - 242s 1s/step - loss: 0.7478 - accuracy: 0.7513 - sparse_top_k_categorical_accuracy: 0.9791 - val_loss: 1.2450 - val_accuracy: 0.5947 - val_sparse_top_k_categorical_accuracy: 0.9200
Epoch 23/50
187/187 [==============================] - 235s 1s/step - loss: 0.7179 - accuracy: 0.7630 - sparse_top_k_categorical_accuracy: 0.9796 - val_loss: 1.2340 - val_accuracy: 0.5980 - val_sparse_top_k_categorical_accuracy: 0.9240
Epoch 24/50
187/187 [==============================] - 237s 1s/step - loss: 0.6980 - accuracy: 0.7677 - sparse_top_k_categorical_accuracy: 0.9817 - val_loss: 1.2322 - val_accuracy: 0.5943 - val_sparse_top_k_categorical_accuracy: 0.9283
Epoch 25/50
187/187 [==============================] - 239s 1s/step - loss: 0.6543 - accuracy: 0.7866 - sparse_top_k_categorical_accuracy: 0.9853 - val_loss: 1.2403 - val_accuracy: 0.5887 - val_sparse_top_k_categorical_accuracy: 0.9247
Epoch 26/50
187/187 [==============================] - 263s 1s/step - loss: 0.6513 - accuracy: 0.7792 - sparse_top_k_categorical_accuracy: 0.9859 - val_loss: 1.2182 - val_accuracy: 0.5973 - val_sparse_top_k_categorical_accuracy: 0.9277
Epoch 27/50
187/187 [==============================] - 304s 2s/step - loss: 0.6024 - accuracy: 0.7968 - sparse_top_k_categorical_accuracy: 0.9873 - val_loss: 1.2224 - val_accuracy: 0.6017 - val_sparse_top_k_categorical_accuracy: 0.9280
Epoch 28/50
187/187 [==============================] - 242s 1s/step - loss: 0.5701 - accuracy: 0.8124 - sparse_top_k_categorical_accuracy: 0.9886 - val_loss: 1.2089 - val_accuracy: 0.6010 - val_sparse_top_k_categorical_accuracy: 0.9313
Epoch 29/50
187/187 [==============================] - 239s 1s/step - loss: 0.5466 - accuracy: 0.8201 - sparse_top_k_categorical_accuracy: 0.9901 - val_loss: 1.1939 - val_accuracy: 0.6087 - val_sparse_top_k_categorical_accuracy: 0.9323
Epoch 30/50
187/187 [==============================] - 235s 1s/step - loss: 0.5327 - accuracy: 0.8266 - sparse_top_k_categorical_accuracy: 0.9923 - val_loss: 1.2433 - val_accuracy: 0.6013 - val_sparse_top_k_categorical_accuracy: 0.9237
Epoch 31/50
187/187 [==============================] - 239s 1s/step - loss: 0.4973 - accuracy: 0.8374 - sparse_top_k_categorical_accuracy: 0.9926 - val_loss: 1.2099 - val_accuracy: 0.6010 - val_sparse_top_k_categorical_accuracy: 0.9380
Epoch 32/50
187/187 [==============================] - 240s 1s/step - loss: 0.4643 - accuracy: 0.8544 - sparse_top_k_categorical_accuracy: 0.9955 - val_loss: 1.2125 - val_accuracy: 0.6050 - val_sparse_top_k_categorical_accuracy: 0.9307
Epoch 33/50
187/187 [==============================] - 262s 1s/step - loss: 0.4703 - accuracy: 0.8477 - sparse_top_k_categorical_accuracy: 0.9938 - val_loss: 1.2830 - val_accuracy: 0.5947 - val_sparse_top_k_categorical_accuracy: 0.9253
Epoch 34/50
187/187 [==============================] - 244s 1s/step - loss: 0.4523 - accuracy: 0.8539 - sparse_top_k_categorical_accuracy: 0.9946 - val_loss: 1.1841 - val_accuracy: 0.6120 - val_sparse_top_k_categorical_accuracy: 0.9360
Epoch 35/50
187/187 [==============================] - 252s 1s/step - loss: 0.4223 - accuracy: 0.8735 - sparse_top_k_categorical_accuracy: 0.9958 - val_loss: 1.2404 - val_accuracy: 0.6023 - val_sparse_top_k_categorical_accuracy: 0.9310
Epoch 36/50
187/187 [==============================] - 250s 1s/step - loss: 0.3877 - accuracy: 0.8776 - sparse_top_k_categorical_accuracy: 0.9970 - val_loss: 1.1966 - val_accuracy: 0.6210 - val_sparse_top_k_categorical_accuracy: 0.9340
Epoch 37/50
187/187 [==============================] - 249s 1s/step - loss: 0.3842 - accuracy: 0.8806 - sparse_top_k_categorical_accuracy: 0.9965 - val_loss: 1.2186 - val_accuracy: 0.6110 - val_sparse_top_k_categorical_accuracy: 0.9340
Epoch 38/50
187/187 [==============================] - 251s 1s/step - loss: 0.3659 - accuracy: 0.8826 - sparse_top_k_categorical_accuracy: 0.9973 - val_loss: 1.2262 - val_accuracy: 0.6100 - val_sparse_top_k_categorical_accuracy: 0.9290
Epoch 39/50
187/187 [==============================] - 260s 1s/step - loss: 0.3455 - accuracy: 0.8911 - sparse_top_k_categorical_accuracy: 0.9980 - val_loss: 1.1813 - val_accuracy: 0.6230 - val_sparse_top_k_categorical_accuracy: 0.9343
Epoch 40/50
187/187 [==============================] - 282s 2s/step - loss: 0.3242 - accuracy: 0.8983 - sparse_top_k_categorical_accuracy: 0.9973 - val_loss: 1.2260 - val_accuracy: 0.6147 - val_sparse_top_k_categorical_accuracy: 0.9320
Epoch 41/50
187/187 [==============================] - 289s 2s/step - loss: 0.3099 - accuracy: 0.9070 - sparse_top_k_categorical_accuracy: 0.9985 - val_loss: 1.2176 - val_accuracy: 0.6163 - val_sparse_top_k_categorical_accuracy: 0.9337
Epoch 42/50
187/187 [==============================] - 276s 1s/step - loss: 0.2900 - accuracy: 0.9144 - sparse_top_k_categorical_accuracy: 0.9988 - val_loss: 1.2326 - val_accuracy: 0.6177 - val_sparse_top_k_categorical_accuracy: 0.9327
Epoch 43/50
187/187 [==============================] - 276s 1s/step - loss: 0.2768 - accuracy: 0.9168 - sparse_top_k_categorical_accuracy: 0.9988 - val_loss: 1.2079 - val_accuracy: 0.6170 - val_sparse_top_k_categorical_accuracy: 0.9343
Epoch 44/50
187/187 [==============================] - 282s 2s/step - loss: 0.2806 - accuracy: 0.9151 - sparse_top_k_categorical_accuracy: 0.9988 - val_loss: 1.3206 - val_accuracy: 0.6023 - val_sparse_top_k_categorical_accuracy: 0.9217
Epoch 45/50
187/187 [==============================] - 285s 2s/step - loss: 0.2553 - accuracy: 0.9278 - sparse_top_k_categorical_accuracy: 0.9993 - val_loss: 1.2100 - val_accuracy: 0.6257 - val_sparse_top_k_categorical_accuracy: 0.9350
Epoch 46/50
187/187 [==============================] - 245s 1s/step - loss: 0.2473 - accuracy: 0.9238 - sparse_top_k_categorical_accuracy: 0.9995 - val_loss: 1.2114 - val_accuracy: 0.6280 - val_sparse_top_k_categorical_accuracy: 0.9370
Epoch 47/50
187/187 [==============================] - 239s 1s/step - loss: 0.2453 - accuracy: 0.9271 - sparse_top_k_categorical_accuracy: 0.9993 - val_loss: 1.2459 - val_accuracy: 0.6237 - val_sparse_top_k_categorical_accuracy: 0.9333
Epoch 48/50
187/187 [==============================] - 242s 1s/step - loss: 0.2148 - accuracy: 0.9412 - sparse_top_k_categorical_accuracy: 0.9993 - val_loss: 1.2315 - val_accuracy: 0.6257 - val_sparse_top_k_categorical_accuracy: 0.9367
Epoch 49/50
187/187 [==============================] - 241s 1s/step - loss: 0.2090 - accuracy: 0.9424 - sparse_top_k_categorical_accuracy: 0.9988 - val_loss: 1.2361 - val_accuracy: 0.6273 - val_sparse_top_k_categorical_accuracy: 0.9360
Epoch 50/50
187/187 [==============================] - 239s 1s/step - loss: 0.2099 - accuracy: 0.9397 - sparse_top_k_categorical_accuracy: 0.9992 - val_loss: 1.2227 - val_accuracy: 0.6283 - val_sparse_top_k_categorical_accuracy: 0.9423
